<?xml version="1.0" encoding="UTF-8"?>
<!-- Generated by org.testng.reporters.JUnitReportReporter -->
<testsuite hostname="LAPTOP-ND9HOSUQ" failures="0" tests="2" name="scripts.practicescripts1.Addtocart" time="14.927" errors="1" timestamp="2020-11-02T17:18:58 GMT" skipped="1">
  <testcase classname="scripts.practicescripts1.Addtocart" name="Test10" time="0.000">
    <skipped/>
  </testcase> <!-- Test10 -->
  <testcase classname="scripts.practicescripts1.Addtocart" name="openapp" time="14.927">
    <error message="session not created
from chrome not reachable
  (Session info: chrome=86.0.4240.111)
Build info: version: &#039;3.141.59&#039;, revision: &#039;e82be7d358&#039;, time: &#039;2018-11-14T08:17:03&#039;
System info: host: &#039;LAPTOP-ND9HOSUQ&#039;, ip: &#039;192.168.1.133&#039;, os.name: &#039;Windows 10&#039;, os.arch: &#039;amd64&#039;, os.version: &#039;10.0&#039;, java.version: &#039;14.0.2&#039;
Driver info: driver.version: ChromeDriver
remote stacktrace: Backtrace:
	Ordinal0 [0x00A7D383+3134339]
	Ordinal0 [0x0096A171+2007409]
	Ordinal0 [0x0080AD90+568720]
	Ordinal0 [0x00801364+529252]
	Ordinal0 [0x008019FC+530940]
	Ordinal0 [0x00802C15+535573]
	Ordinal0 [0x007FDFC5+516037]
	Ordinal0 [0x0080BF70+573296]
	Ordinal0 [0x007B1916+203030]
	Ordinal0 [0x007B0C1D+199709]
	Ordinal0 [0x007AEB0B+191243]
	Ordinal0 [0x00792E77+77431]
	Ordinal0 [0x00793E3E+81470]
	Ordinal0 [0x00793DC9+81353]
	Ordinal0 [0x00980CD9+2100441]
	GetHandleVerifier [0x00BEB75A+1396954]
	GetHandleVerifier [0x00BEB3D9+1396057]
	GetHandleVerifier [0x00BF7126+1444518]
	GetHandleVerifier [0x00BEBCE8+1398376]
	Ordinal0 [0x00977F51+2064209]
	Ordinal0 [0x009822EB+2106091]
	Ordinal0 [0x00982411+2106385]
	Ordinal0 [0x009949C4+2181572]
	BaseThreadInitThunk [0x75636359+25]
	RtlGetAppContainerNamedObjectPath [0x77D97C24+228]
	RtlGetAppContainerNamedObjectPath [0x77D97BF4+180]
" type="org.openqa.selenium.SessionNotCreatedException">
      <![CDATA[org.openqa.selenium.SessionNotCreatedException: session not created
from chrome not reachable
  (Session info: chrome=86.0.4240.111)
Build info: version: '3.141.59', revision: 'e82be7d358', time: '2018-11-14T08:17:03'
System info: host: 'LAPTOP-ND9HOSUQ', ip: '192.168.1.133', os.name: 'Windows 10', os.arch: 'amd64', os.version: '10.0', java.version: '14.0.2'
Driver info: driver.version: ChromeDriver
remote stacktrace: Backtrace:
Ordinal0 [0x00A7D383+3134339]
Ordinal0 [0x0096A171+2007409]
Ordinal0 [0x0080AD90+568720]
Ordinal0 [0x00801364+529252]
Ordinal0 [0x008019FC+530940]
Ordinal0 [0x00802C15+535573]
Ordinal0 [0x007FDFC5+516037]
Ordinal0 [0x0080BF70+573296]
Ordinal0 [0x007B1916+203030]
Ordinal0 [0x007B0C1D+199709]
Ordinal0 [0x007AEB0B+191243]
Ordinal0 [0x00792E77+77431]
Ordinal0 [0x00793E3E+81470]
Ordinal0 [0x00793DC9+81353]
Ordinal0 [0x00980CD9+2100441]
GetHandleVerifier [0x00BEB75A+1396954]
GetHandleVerifier [0x00BEB3D9+1396057]
GetHandleVerifier [0x00BF7126+1444518]
GetHandleVerifier [0x00BEBCE8+1398376]
Ordinal0 [0x00977F51+2064209]
Ordinal0 [0x009822EB+2106091]
Ordinal0 [0x00982411+2106385]
Ordinal0 [0x009949C4+2181572]
BaseThreadInitThunk [0x75636359+25]
RtlGetAppContainerNamedObjectPath [0x77D97C24+228]
RtlGetAppContainerNamedObjectPath [0x77D97BF4+180]

at java.base/jdk.internal.reflect.NativeConstructorAccessorImpl.newInstance0(Native Method)
at java.base/jdk.internal.reflect.NativeConstructorAccessorImpl.newInstance(NativeConstructorAccessorImpl.java:62)
at java.base/jdk.internal.reflect.DelegatingConstructorAccessorImpl.newInstance(DelegatingConstructorAccessorImpl.java:45)
at java.base/java.lang.reflect.Constructor.newInstanceWithCaller(Constructor.java:500)
at java.base/java.lang.reflect.Constructor.newInstance(Constructor.java:481)
at org.openqa.selenium.remote.W3CHandshakeResponse.lambda$errorHandler$0(W3CHandshakeResponse.java:62)
at org.openqa.selenium.remote.HandshakeResponse.lambda$getResponseFunction$0(HandshakeResponse.java:30)
at org.openqa.selenium.remote.ProtocolHandshake.lambda$createSession$0(ProtocolHandshake.java:126)
at java.base/java.util.stream.ReferencePipeline$3$1.accept(ReferencePipeline.java:195)
at java.base/java.util.Spliterators$ArraySpliterator.tryAdvance(Spliterators.java:958)
at java.base/java.util.stream.ReferencePipeline.forEachWithCancel(ReferencePipeline.java:127)
at java.base/java.util.stream.AbstractPipeline.copyIntoWithCancel(AbstractPipeline.java:502)
at java.base/java.util.stream.AbstractPipeline.copyInto(AbstractPipeline.java:488)
at java.base/java.util.stream.AbstractPipeline.wrapAndCopyInto(AbstractPipeline.java:474)
at java.base/java.util.stream.FindOps$FindOp.evaluateSequential(FindOps.java:150)
at java.base/java.util.stream.AbstractPipeline.evaluate(AbstractPipeline.java:234)
at java.base/java.util.stream.ReferencePipeline.findFirst(ReferencePipeline.java:543)
at org.openqa.selenium.remote.ProtocolHandshake.createSession(ProtocolHandshake.java:128)
at org.openqa.selenium.remote.ProtocolHandshake.createSession(ProtocolHandshake.java:74)
at org.openqa.selenium.remote.HttpCommandExecutor.execute(HttpCommandExecutor.java:136)
at org.openqa.selenium.remote.service.DriverCommandExecutor.execute(DriverCommandExecutor.java:83)
at org.openqa.selenium.remote.RemoteWebDriver.execute(RemoteWebDriver.java:552)
at org.openqa.selenium.remote.RemoteWebDriver.startSession(RemoteWebDriver.java:213)
at org.openqa.selenium.remote.RemoteWebDriver.<init>(RemoteWebDriver.java:131)
at org.openqa.selenium.chrome.ChromeDriver.<init>(ChromeDriver.java:181)
at org.openqa.selenium.chrome.ChromeDriver.<init>(ChromeDriver.java:168)
at org.openqa.selenium.chrome.ChromeDriver.<init>(ChromeDriver.java:123)
at genericlib.practice1.BaseTest.openapp(BaseTest.java:22)
at java.base/jdk.internal.reflect.NativeMethodAccessorImpl.invoke0(Native Method)
at java.base/jdk.internal.reflect.NativeMethodAccessorImpl.invoke(NativeMethodAccessorImpl.java:62)
at java.base/jdk.internal.reflect.DelegatingMethodAccessorImpl.invoke(DelegatingMethodAccessorImpl.java:43)
at java.base/java.lang.reflect.Method.invoke(Method.java:564)
at org.testng.internal.MethodInvocationHelper.invokeMethod(MethodInvocationHelper.java:133)
at org.testng.internal.MethodInvocationHelper.invokeMethodConsideringTimeout(MethodInvocationHelper.java:62)
at org.testng.internal.ConfigInvoker.invokeConfigurationMethod(ConfigInvoker.java:340)
at org.testng.internal.ConfigInvoker.invokeConfigurations(ConfigInvoker.java:294)
at org.testng.internal.TestInvoker.runConfigMethods(TestInvoker.java:683)
at org.testng.internal.TestInvoker.invokeMethod(TestInvoker.java:510)
at org.testng.internal.TestInvoker.invokeTestMethod(TestInvoker.java:172)
at org.testng.internal.MethodRunner.runInSequence(MethodRunner.java:46)
at org.testng.internal.TestInvoker$MethodInvocationAgent.invoke(TestInvoker.java:804)
at org.testng.internal.TestInvoker.invokeTestMethods(TestInvoker.java:145)
at org.testng.internal.TestMethodWorker.invokeTestMethods(TestMethodWorker.java:146)
at org.testng.internal.TestMethodWorker.run(TestMethodWorker.java:128)
at java.base/java.util.ArrayList.forEach(ArrayList.java:1511)
at org.testng.TestRunner.privateRun(TestRunner.java:770)
at org.testng.TestRunner.run(TestRunner.java:591)
at org.testng.SuiteRunner.runTest(SuiteRunner.java:402)
at org.testng.SuiteRunner.runSequentially(SuiteRunner.java:396)
at org.testng.SuiteRunner.privateRun(SuiteRunner.java:355)
at org.testng.SuiteRunner.run(SuiteRunner.java:304)
at org.testng.SuiteRunnerWorker.runSuite(SuiteRunnerWorker.java:53)
at org.testng.SuiteRunnerWorker.run(SuiteRunnerWorker.java:96)
at org.testng.TestNG.runSuitesSequentially(TestNG.java:1180)
at org.testng.TestNG.runSuitesLocally(TestNG.java:1102)
at org.testng.TestNG.runSuites(TestNG.java:1032)
at org.testng.TestNG.run(TestNG.java:1000)
at org.testng.remote.AbstractRemoteTestNG.run(AbstractRemoteTestNG.java:115)
at org.testng.remote.RemoteTestNG.initAndRun(RemoteTestNG.java:251)
at org.testng.remote.RemoteTestNG.main(RemoteTestNG.java:77)
]]>
    </error>
  </testcase> <!-- openapp -->
</testsuite> <!-- scripts.practicescripts1.Addtocart -->
